2018-12-09 17:06:24.006 [http-bio-8080-exec-1]: ERROR org.smart4j.framework.proxy.AbstractAspectProxy:32 doProxy -  proxy failurejava.lang.NullPointerException: null
	at org.smart4j.framework.bean.View.addModel(View.java:22)
	at org.smart4j.transit.controller.CustomerController.go(CustomerController.java:34)
	at org.smart4j.transit.controller.CustomerController$$EnhancerByCGLIB$$5b43423b.CGLIB$go$0(<generated>)
	at org.smart4j.transit.controller.CustomerController$$EnhancerByCGLIB$$5b43423b$$FastClassByCGLIB$$8b3fc367.invoke(<generated>)
	at net.sf.cglib.proxy.MethodProxy.invokeSuper(MethodProxy.java:228)
	at org.smart4j.framework.proxy.ProxyChain.doProxyChain(ProxyChain.java:57)
	at org.smart4j.framework.proxy.AbstractAspectProxy.doProxy(AbstractAspectProxy.java:29)
	at org.smart4j.framework.proxy.ProxyChain.doProxyChain(ProxyChain.java:54)
	at org.smart4j.framework.proxy.ProxyManager.lambda$createProxy$0(ProxyManager.java:22)
	at org.smart4j.transit.controller.CustomerController$$EnhancerByCGLIB$$5b43423b.go(<generated>)
	at sun.reflect.NativeMethodAccessorImpl.invoke0(Native Method)
	at sun.reflect.NativeMethodAccessorImpl.invoke(NativeMethodAccessorImpl.java:62)
	at sun.reflect.DelegatingMethodAccessorImpl.invoke(DelegatingMethodAccessorImpl.java:43)
	at java.lang.reflect.Method.invoke(Method.java:498)
	at org.smart4j.framework.util.ReflectionUtil.invokeMethod(ReflectionUtil.java:32)
	at org.smart4j.framework.DispatcherServlet.service(DispatcherServlet.java:74)
	at javax.servlet.http.HttpServlet.service(HttpServlet.java:728)
	at org.apache.catalina.core.ApplicationFilterChain.internalDoFilter(ApplicationFilterChain.java:305)
	at org.apache.catalina.core.ApplicationFilterChain.doFilter(ApplicationFilterChain.java:210)
	at org.apache.tomcat.websocket.server.WsFilter.doFilter(WsFilter.java:51)
	at org.apache.catalina.core.ApplicationFilterChain.internalDoFilter(ApplicationFilterChain.java:243)
	at org.apache.catalina.core.ApplicationFilterChain.doFilter(ApplicationFilterChain.java:210)
	at org.apache.catalina.core.StandardWrapperValve.invoke(StandardWrapperValve.java:222)
	at org.apache.catalina.core.StandardContextValve.invoke(StandardContextValve.java:123)
	at org.apache.catalina.authenticator.AuthenticatorBase.invoke(AuthenticatorBase.java:502)
	at org.apache.catalina.core.StandardHostValve.invoke(StandardHostValve.java:171)
	at org.apache.catalina.valves.ErrorReportValve.invoke(ErrorReportValve.java:100)
	at org.apache.catalina.valves.AccessLogValve.invoke(AccessLogValve.java:953)
	at org.apache.catalina.core.StandardEngineValve.invoke(StandardEngineValve.java:118)
	at org.apache.catalina.connector.CoyoteAdapter.service(CoyoteAdapter.java:408)
	at org.apache.coyote.http11.AbstractHttp11Processor.process(AbstractHttp11Processor.java:1041)
	at org.apache.coyote.AbstractProtocol$AbstractConnectionHandler.process(AbstractProtocol.java:603)
	at org.apache.tomcat.util.net.JIoEndpoint$SocketProcessor.run(JIoEndpoint.java:310)
	at java.util.concurrent.ThreadPoolExecutor.runWorker(ThreadPoolExecutor.java:1149)
	at java.util.concurrent.ThreadPoolExecutor$Worker.run(ThreadPoolExecutor.java:624)
	at java.lang.Thread.run(Thread.java:748)

2018-12-09 17:06:24.036 [http-bio-8080-exec-1]: ERROR org.smart4j.framework.util.ReflectionUtil:34 invokeMethod -  invoke method failure.exception:java.lang.reflect.InvocationTargetException: null
	at sun.reflect.NativeMethodAccessorImpl.invoke0(Native Method)
	at sun.reflect.NativeMethodAccessorImpl.invoke(NativeMethodAccessorImpl.java:62)
	at sun.reflect.DelegatingMethodAccessorImpl.invoke(DelegatingMethodAccessorImpl.java:43)
	at java.lang.reflect.Method.invoke(Method.java:498)
	at org.smart4j.framework.util.ReflectionUtil.invokeMethod(ReflectionUtil.java:32)
	at org.smart4j.framework.DispatcherServlet.service(DispatcherServlet.java:74)
	at javax.servlet.http.HttpServlet.service(HttpServlet.java:728)
	at org.apache.catalina.core.ApplicationFilterChain.internalDoFilter(ApplicationFilterChain.java:305)
	at org.apache.catalina.core.ApplicationFilterChain.doFilter(ApplicationFilterChain.java:210)
	at org.apache.tomcat.websocket.server.WsFilter.doFilter(WsFilter.java:51)
	at org.apache.catalina.core.ApplicationFilterChain.internalDoFilter(ApplicationFilterChain.java:243)
	at org.apache.catalina.core.ApplicationFilterChain.doFilter(ApplicationFilterChain.java:210)
	at org.apache.catalina.core.StandardWrapperValve.invoke(StandardWrapperValve.java:222)
	at org.apache.catalina.core.StandardContextValve.invoke(StandardContextValve.java:123)
	at org.apache.catalina.authenticator.AuthenticatorBase.invoke(AuthenticatorBase.java:502)
	at org.apache.catalina.core.StandardHostValve.invoke(StandardHostValve.java:171)
	at org.apache.catalina.valves.ErrorReportValve.invoke(ErrorReportValve.java:100)
	at org.apache.catalina.valves.AccessLogValve.invoke(AccessLogValve.java:953)
	at org.apache.catalina.core.StandardEngineValve.invoke(StandardEngineValve.java:118)
	at org.apache.catalina.connector.CoyoteAdapter.service(CoyoteAdapter.java:408)
	at org.apache.coyote.http11.AbstractHttp11Processor.process(AbstractHttp11Processor.java:1041)
	at org.apache.coyote.AbstractProtocol$AbstractConnectionHandler.process(AbstractProtocol.java:603)
	at org.apache.tomcat.util.net.JIoEndpoint$SocketProcessor.run(JIoEndpoint.java:310)
	at java.util.concurrent.ThreadPoolExecutor.runWorker(ThreadPoolExecutor.java:1149)
	at java.util.concurrent.ThreadPoolExecutor$Worker.run(ThreadPoolExecutor.java:624)
	at java.lang.Thread.run(Thread.java:748)
Caused by: java.lang.NullPointerException: null
	at org.smart4j.framework.bean.View.addModel(View.java:22)
	at org.smart4j.transit.controller.CustomerController.go(CustomerController.java:34)
	at org.smart4j.transit.controller.CustomerController$$EnhancerByCGLIB$$5b43423b.CGLIB$go$0(<generated>)
	at org.smart4j.transit.controller.CustomerController$$EnhancerByCGLIB$$5b43423b$$FastClassByCGLIB$$8b3fc367.invoke(<generated>)
	at net.sf.cglib.proxy.MethodProxy.invokeSuper(MethodProxy.java:228)
	at org.smart4j.framework.proxy.ProxyChain.doProxyChain(ProxyChain.java:57)
	at org.smart4j.framework.proxy.AbstractAspectProxy.doProxy(AbstractAspectProxy.java:29)
	at org.smart4j.framework.proxy.ProxyChain.doProxyChain(ProxyChain.java:54)
	at org.smart4j.framework.proxy.ProxyManager.lambda$createProxy$0(ProxyManager.java:22)
	at org.smart4j.transit.controller.CustomerController$$EnhancerByCGLIB$$5b43423b.go(<generated>)
	... 26 common frames omitted

2018-12-09 17:08:20.930 [http-bio-8080-exec-1]: ERROR org.smart4j.framework.proxy.AbstractAspectProxy:32 doProxy -  proxy failurejava.lang.NullPointerException: null
	at org.smart4j.framework.bean.View.addModel(View.java:22)
	at org.smart4j.transit.controller.CustomerController.go(CustomerController.java:34)
	at org.smart4j.transit.controller.CustomerController$$EnhancerByCGLIB$$9f514fe5.CGLIB$go$0(<generated>)
	at org.smart4j.transit.controller.CustomerController$$EnhancerByCGLIB$$9f514fe5$$FastClassByCGLIB$$fff6d699.invoke(<generated>)
	at net.sf.cglib.proxy.MethodProxy.invokeSuper(MethodProxy.java:228)
	at org.smart4j.framework.proxy.ProxyChain.doProxyChain(ProxyChain.java:57)
	at org.smart4j.framework.proxy.AbstractAspectProxy.doProxy(AbstractAspectProxy.java:29)
	at org.smart4j.framework.proxy.ProxyChain.doProxyChain(ProxyChain.java:54)
	at org.smart4j.framework.proxy.ProxyManager.lambda$createProxy$0(ProxyManager.java:22)
	at org.smart4j.transit.controller.CustomerController$$EnhancerByCGLIB$$9f514fe5.go(<generated>)
	at sun.reflect.NativeMethodAccessorImpl.invoke0(Native Method)
	at sun.reflect.NativeMethodAccessorImpl.invoke(NativeMethodAccessorImpl.java:62)
	at sun.reflect.DelegatingMethodAccessorImpl.invoke(DelegatingMethodAccessorImpl.java:43)
	at java.lang.reflect.Method.invoke(Method.java:498)
	at org.smart4j.framework.util.ReflectionUtil.invokeMethod(ReflectionUtil.java:32)
	at org.smart4j.framework.DispatcherServlet.service(DispatcherServlet.java:74)
	at javax.servlet.http.HttpServlet.service(HttpServlet.java:728)
	at org.apache.catalina.core.ApplicationFilterChain.internalDoFilter(ApplicationFilterChain.java:305)
	at org.apache.catalina.core.ApplicationFilterChain.doFilter(ApplicationFilterChain.java:210)
	at org.apache.tomcat.websocket.server.WsFilter.doFilter(WsFilter.java:51)
	at org.apache.catalina.core.ApplicationFilterChain.internalDoFilter(ApplicationFilterChain.java:243)
	at org.apache.catalina.core.ApplicationFilterChain.doFilter(ApplicationFilterChain.java:210)
	at org.apache.catalina.core.StandardWrapperValve.invoke(StandardWrapperValve.java:222)
	at org.apache.catalina.core.StandardContextValve.invoke(StandardContextValve.java:123)
	at org.apache.catalina.authenticator.AuthenticatorBase.invoke(AuthenticatorBase.java:502)
	at org.apache.catalina.core.StandardHostValve.invoke(StandardHostValve.java:171)
	at org.apache.catalina.valves.ErrorReportValve.invoke(ErrorReportValve.java:100)
	at org.apache.catalina.valves.AccessLogValve.invoke(AccessLogValve.java:953)
	at org.apache.catalina.core.StandardEngineValve.invoke(StandardEngineValve.java:118)
	at org.apache.catalina.connector.CoyoteAdapter.service(CoyoteAdapter.java:408)
	at org.apache.coyote.http11.AbstractHttp11Processor.process(AbstractHttp11Processor.java:1041)
	at org.apache.coyote.AbstractProtocol$AbstractConnectionHandler.process(AbstractProtocol.java:603)
	at org.apache.tomcat.util.net.JIoEndpoint$SocketProcessor.run(JIoEndpoint.java:310)
	at java.util.concurrent.ThreadPoolExecutor.runWorker(ThreadPoolExecutor.java:1149)
	at java.util.concurrent.ThreadPoolExecutor$Worker.run(ThreadPoolExecutor.java:624)
	at java.lang.Thread.run(Thread.java:748)

2018-12-09 17:08:20.932 [http-bio-8080-exec-1]: ERROR org.smart4j.framework.util.ReflectionUtil:34 invokeMethod -  invoke method failure.exception:java.lang.reflect.InvocationTargetException: null
	at sun.reflect.NativeMethodAccessorImpl.invoke0(Native Method)
	at sun.reflect.NativeMethodAccessorImpl.invoke(NativeMethodAccessorImpl.java:62)
	at sun.reflect.DelegatingMethodAccessorImpl.invoke(DelegatingMethodAccessorImpl.java:43)
	at java.lang.reflect.Method.invoke(Method.java:498)
	at org.smart4j.framework.util.ReflectionUtil.invokeMethod(ReflectionUtil.java:32)
	at org.smart4j.framework.DispatcherServlet.service(DispatcherServlet.java:74)
	at javax.servlet.http.HttpServlet.service(HttpServlet.java:728)
	at org.apache.catalina.core.ApplicationFilterChain.internalDoFilter(ApplicationFilterChain.java:305)
	at org.apache.catalina.core.ApplicationFilterChain.doFilter(ApplicationFilterChain.java:210)
	at org.apache.tomcat.websocket.server.WsFilter.doFilter(WsFilter.java:51)
	at org.apache.catalina.core.ApplicationFilterChain.internalDoFilter(ApplicationFilterChain.java:243)
	at org.apache.catalina.core.ApplicationFilterChain.doFilter(ApplicationFilterChain.java:210)
	at org.apache.catalina.core.StandardWrapperValve.invoke(StandardWrapperValve.java:222)
	at org.apache.catalina.core.StandardContextValve.invoke(StandardContextValve.java:123)
	at org.apache.catalina.authenticator.AuthenticatorBase.invoke(AuthenticatorBase.java:502)
	at org.apache.catalina.core.StandardHostValve.invoke(StandardHostValve.java:171)
	at org.apache.catalina.valves.ErrorReportValve.invoke(ErrorReportValve.java:100)
	at org.apache.catalina.valves.AccessLogValve.invoke(AccessLogValve.java:953)
	at org.apache.catalina.core.StandardEngineValve.invoke(StandardEngineValve.java:118)
	at org.apache.catalina.connector.CoyoteAdapter.service(CoyoteAdapter.java:408)
	at org.apache.coyote.http11.AbstractHttp11Processor.process(AbstractHttp11Processor.java:1041)
	at org.apache.coyote.AbstractProtocol$AbstractConnectionHandler.process(AbstractProtocol.java:603)
	at org.apache.tomcat.util.net.JIoEndpoint$SocketProcessor.run(JIoEndpoint.java:310)
	at java.util.concurrent.ThreadPoolExecutor.runWorker(ThreadPoolExecutor.java:1149)
	at java.util.concurrent.ThreadPoolExecutor$Worker.run(ThreadPoolExecutor.java:624)
	at java.lang.Thread.run(Thread.java:748)
Caused by: java.lang.NullPointerException: null
	at org.smart4j.framework.bean.View.addModel(View.java:22)
	at org.smart4j.transit.controller.CustomerController.go(CustomerController.java:34)
	at org.smart4j.transit.controller.CustomerController$$EnhancerByCGLIB$$9f514fe5.CGLIB$go$0(<generated>)
	at org.smart4j.transit.controller.CustomerController$$EnhancerByCGLIB$$9f514fe5$$FastClassByCGLIB$$fff6d699.invoke(<generated>)
	at net.sf.cglib.proxy.MethodProxy.invokeSuper(MethodProxy.java:228)
	at org.smart4j.framework.proxy.ProxyChain.doProxyChain(ProxyChain.java:57)
	at org.smart4j.framework.proxy.AbstractAspectProxy.doProxy(AbstractAspectProxy.java:29)
	at org.smart4j.framework.proxy.ProxyChain.doProxyChain(ProxyChain.java:54)
	at org.smart4j.framework.proxy.ProxyManager.lambda$createProxy$0(ProxyManager.java:22)
	at org.smart4j.transit.controller.CustomerController$$EnhancerByCGLIB$$9f514fe5.go(<generated>)
	... 26 common frames omitted

